<?xml version="1.0" encoding="UTF-8"?>
<!-- Generated by org.testng.reporters.JUnitReportReporter -->
<testsuite skipped="0" hostname="eminism" name="com.automationpractice.pages.HomePageTitleVerification" tests="1" failures="0" timestamp="2020-04-21T11:31:19 EDT" time="9.322" errors="0">
  <testcase name="homePageContent" time="9.322" classname="com.automationpractice.pages.HomePageTitleVerification"/>
  <system-out/>
</testsuite> <!-- com.automationpractice.pages.HomePageTitleVerification -->
