<?xml version="1.0" encoding="UTF-8"?>
<!-- Generated by org.testng.reporters.JUnitReportReporter -->
<testsuite skipped="0" hostname="eminism" name="com.automationpractice.com.page.HomePage" tests="2" failures="0" timestamp="2020-04-21T15:52:26 EDT" time="4.169" errors="0">
  <testcase name="homePage" time="2.145" classname="com.automationpractice.com.page.HomePage"/>
  <system-out/>
  <testcase name="homePage" time="2.024" classname="com.automationpractice.com.page.HomePage"/>
  <system-out/>
</testsuite> <!-- com.automationpractice.com.page.HomePage -->
