<?xml version="1.0" encoding="UTF-8"?>
<!-- Generated by org.testng.reporters.JUnitReportReporter -->
<testsuite skipped="0" hostname="eminism" name="com.automationpractice.com.HomePage.HomePage" tests="2" failures="0" timestamp="2020-04-21T11:16:27 EDT" time="19.700" errors="0">
  <testcase name="homePage" time="9.120" classname="com.automationpractice.com.HomePage.HomePage"/>
  <system-out/>
  <testcase name="homePage" time="10.580" classname="com.automationpractice.com.HomePage.HomePage"/>
  <system-out/>
</testsuite> <!-- com.automationpractice.com.HomePage.HomePage -->
