<?xml version="1.0" encoding="UTF-8"?>
<!-- Generated by org.testng.reporters.JUnitReportReporter -->
<testsuite skipped="0" hostname="eminism" name="com.automationpractice.test.SearchBarValidationTest" tests="1" failures="0" timestamp="2020-04-22T18:10:10 EDT" time="0.118" errors="0">
  <testcase name="homePageContent" time="0.118" classname="com.automationpractice.test.SearchBarValidationTest"/>
</testsuite> <!-- com.automationpractice.test.SearchBarValidationTest -->
