<?xml version="1.0" encoding="UTF-8"?>
<!-- Generated by org.testng.reporters.JUnitReportReporter -->
<testsuite skipped="0" hostname="eminism" name="com.automationpractice.test.HomePage" tests="2" failures="0" timestamp="2020-04-22T18:10:10 EDT" time="4.479" errors="0">
  <testcase name="homePage" time="1.792" classname="com.automationpractice.test.HomePage"/>
  <testcase name="homePage" time="2.687" classname="com.automationpractice.test.HomePage"/>
</testsuite> <!-- com.automationpractice.test.HomePage -->
